<?xml version="1.0" encoding="UTF-8"?>
<testsuite name="com.xgw.wwx.test.HttpUtilTest" time="0" tests="4" errors="0" skipped="4" failures="0">
  <properties>
    <property name="idea.version" value="2017.3.5"/>
    <property name="java.runtime.name" value="Java(TM) SE Runtime Environment"/>
    <property name="sun.boot.library.path" value="D:\IDEA\JDK\jre\bin"/>
    <property name="java.vm.version" value="25.161-b12"/>
    <property name="java.vm.vendor" value="Oracle Corporation"/>
    <property name="maven.multiModuleProjectDirectory" value="D:\Test\wwx"/>
    <property name="java.vendor.url" value="http://java.oracle.com/"/>
    <property name="path.separator" value=";"/>
    <property name="guice.disable.misplaced.annotation.check" value="true"/>
    <property name="java.vm.name" value="Java HotSpot(TM) 64-Bit Server VM"/>
    <property name="file.encoding.pkg" value="sun.io"/>
    <property name="user.script" value=""/>
    <property name="user.country" value="CN"/>
    <property name="sun.java.launcher" value="SUN_STANDARD"/>
    <property name="sun.os.patch.level" value="Service Pack 1"/>
    <property name="java.vm.specification.name" value="Java Virtual Machine Specification"/>
    <property name="user.dir" value="D:\Test\wwx"/>
    <property name="java.runtime.version" value="1.8.0_161-b12"/>
    <property name="java.awt.graphicsenv" value="sun.awt.Win32GraphicsEnvironment"/>
    <property name="java.endorsed.dirs" value="D:\IDEA\JDK\jre\lib\endorsed"/>
    <property name="os.arch" value="amd64"/>
    <property name="java.io.tmpdir" value="C:\Users\ADMINI~1\AppData\Local\Temp\"/>
    <property name="line.separator" value="&#10;"/>
    <property name="java.vm.specification.vendor" value="Oracle Corporation"/>
    <property name="user.variant" value=""/>
    <property name="os.name" value="Windows 7"/>
    <property name="classworlds.conf" value="D:\IDEA\IntelliJ IDEA 2017.3.5\plugins\maven\lib\maven3\bin\m2.conf"/>
    <property name="sun.jnu.encoding" value="GBK"/>
    <property name="java.library.path" value="D:\IDEA\JDK\bin;C:\Windows\Sun\Java\bin;C:\Windows\system32;C:\Windows;C:\Program Files (x86)\Common Files\NetSarang;C:\Windows\system32;C:\Windows;C:\Windows\System32\Wbem;C:\Windows\System32\WindowsPowerShell\v1.0\D:\IDEA\JDK\bin;D:\IDEA\JDK\jre\bin;D:\maven\apache-maven-3.5.3\bin;D:\MySQL\mysql-5.7.22-winx64\bin;;."/>
    <property name="java.specification.name" value="Java Platform API Specification"/>
    <property name="java.class.version" value="52.0"/>
    <property name="sun.management.compiler" value="HotSpot 64-Bit Tiered Compilers"/>
    <property name="os.version" value="6.1"/>
    <property name="user.home" value="C:\Users\Administrator"/>
    <property name="user.timezone" value="Asia/Shanghai"/>
    <property name="java.awt.printerjob" value="sun.awt.windows.WPrinterJob"/>
    <property name="java.specification.version" value="1.8"/>
    <property name="file.encoding" value="UTF-8"/>
    <property name="user.name" value="Administrator"/>
    <property name="java.class.path" value="D:\IDEA\IntelliJ IDEA 2017.3.5\plugins\maven\lib\maven3\boot\plexus-classworlds-2.5.2.jar;D:\IDEA\IntelliJ IDEA 2017.3.5\lib\idea_rt.jar"/>
    <property name="java.vm.specification.version" value="1.8"/>
    <property name="sun.arch.data.model" value="64"/>
    <property name="java.home" value="D:\IDEA\JDK\jre"/>
    <property name="sun.java.command" value="org.codehaus.classworlds.Launcher -Didea.version=2017.3.5 package"/>
    <property name="java.specification.vendor" value="Oracle Corporation"/>
    <property name="user.language" value="zh"/>
    <property name="awt.toolkit" value="sun.awt.windows.WToolkit"/>
    <property name="java.vm.info" value="mixed mode"/>
    <property name="java.version" value="1.8.0_161"/>
    <property name="java.ext.dirs" value="D:\IDEA\JDK\jre\lib\ext;C:\Windows\Sun\Java\lib\ext"/>
    <property name="sun.boot.class.path" value="D:\IDEA\JDK\jre\lib\resources.jar;D:\IDEA\JDK\jre\lib\rt.jar;D:\IDEA\JDK\jre\lib\sunrsasign.jar;D:\IDEA\JDK\jre\lib\jsse.jar;D:\IDEA\JDK\jre\lib\jce.jar;D:\IDEA\JDK\jre\lib\charsets.jar;D:\IDEA\JDK\jre\lib\jfr.jar;D:\IDEA\JDK\jre\classes"/>
    <property name="java.vendor" value="Oracle Corporation"/>
    <property name="maven.home" value="D:\IDEA\IntelliJ IDEA 2017.3.5\plugins\maven\lib\maven3"/>
    <property name="file.separator" value="\"/>
    <property name="java.vendor.url.bug" value="http://bugreport.sun.com/bugreport/"/>
    <property name="sun.cpu.endian" value="little"/>
    <property name="sun.io.unicode.encoding" value="UnicodeLittle"/>
    <property name="sun.desktop" value="windows"/>
    <property name="sun.cpu.isalist" value="amd64"/>
  </properties>
  <testcase name="testGetNodeInfo" classname="com.xgw.wwx.test.HttpUtilTest" time="0">
    <skipped/>
    <system-out><![CDATA[2018-09-26 16:15:03.861 [main] INFO org.springframework.boot.test.context.SpringBootTestContextBootstrapper:307 - Neither @ContextConfiguration nor @ContextHierarchy found for test class [com.xgw.wwx.test.HttpUtilTest], using SpringBootContextLoader
2018-09-26 16:15:03.867 [main] INFO org.springframework.test.context.support.AbstractContextLoader:264 - Could not detect default resource locations for test class [com.xgw.wwx.test.HttpUtilTest]: no resource found for suffixes {-context.xml, Context.groovy}.
2018-09-26 16:15:03.868 [main] INFO org.springframework.test.context.support.AnnotationConfigContextLoaderUtils:82 - Could not detect default configuration classes for test class [com.xgw.wwx.test.HttpUtilTest]: HttpUtilTest does not declare any static, non-private, non-final, nested classes annotated with @Configuration.
2018-09-26 16:15:03.967 [main] INFO org.springframework.boot.test.context.SpringBootTestContextBootstrapper:206 - Found @SpringBootConfiguration com.xgw.wwx.WwxApplication for test class com.xgw.wwx.test.HttpUtilTest
2018-09-26 16:15:03.972 [main] INFO org.springframework.boot.test.context.SpringBootTestContextBootstrapper:248 - Loaded default TestExecutionListener class names from location [META-INF/spring.factories]: [org.springframework.boot.test.mock.mockito.MockitoTestExecutionListener, org.springframework.boot.test.mock.mockito.ResetMocksTestExecutionListener, org.springframework.boot.test.autoconfigure.restdocs.RestDocsTestExecutionListener, org.springframework.boot.test.autoconfigure.web.client.MockRestServiceServerResetTestExecutionListener, org.springframework.boot.test.autoconfigure.web.servlet.MockMvcPrintOnlyOnFailureTestExecutionListener, org.springframework.boot.test.autoconfigure.web.servlet.WebDriverTestExecutionListener, org.springframework.test.context.web.ServletTestExecutionListener, org.springframework.test.context.support.DirtiesContextBeforeModesTestExecutionListener, org.springframework.test.context.support.DependencyInjectionTestExecutionListener, org.springframework.test.context.support.DirtiesContextTestExecutionListener, org.springframework.test.context.transaction.TransactionalTestExecutionListener, org.springframework.test.context.jdbc.SqlScriptsTestExecutionListener]
2018-09-26 16:15:03.987 [main] INFO org.springframework.boot.test.context.SpringBootTestContextBootstrapper:174 - Using TestExecutionListeners: [org.springframework.test.context.web.ServletTestExecutionListener@2accdbb5, org.springframework.test.context.support.DirtiesContextBeforeModesTestExecutionListener@b62d79, org.springframework.boot.test.mock.mockito.MockitoTestExecutionListener@6631f5ca, org.springframework.boot.test.autoconfigure.SpringBootDependencyInjectionTestExecutionListener@5ace1ed4, org.springframework.test.context.support.DirtiesContextTestExecutionListener@1613674b, org.springframework.test.context.transaction.TransactionalTestExecutionListener@27ff5d15, org.springframework.test.context.jdbc.SqlScriptsTestExecutionListener@4e096385, org.springframework.boot.test.mock.mockito.ResetMocksTestExecutionListener@649bec2e, org.springframework.boot.test.autoconfigure.restdocs.RestDocsTestExecutionListener@693fe6c9, org.springframework.boot.test.autoconfigure.web.client.MockRestServiceServerResetTestExecutionListener@34f5090e, org.springframework.boot.test.autoconfigure.web.servlet.MockMvcPrintOnlyOnFailureTestExecutionListener@31e5415e, org.springframework.boot.test.autoconfigure.web.servlet.WebDriverTestExecutionListener@a2431d0]
2018-09-26 16:15:03.992 [main] INFO org.springframework.boot.test.context.SpringBootTestContextBootstrapper:307 - Neither @ContextConfiguration nor @ContextHierarchy found for test class [com.xgw.wwx.test.HttpUtilTest], using SpringBootContextLoader
2018-09-26 16:15:03.993 [main] INFO org.springframework.test.context.support.AbstractContextLoader:264 - Could not detect default resource locations for test class [com.xgw.wwx.test.HttpUtilTest]: no resource found for suffixes {-context.xml, Context.groovy}.
2018-09-26 16:15:03.993 [main] INFO org.springframework.test.context.support.AnnotationConfigContextLoaderUtils:82 - Could not detect default configuration classes for test class [com.xgw.wwx.test.HttpUtilTest]: HttpUtilTest does not declare any static, non-private, non-final, nested classes annotated with @Configuration.
2018-09-26 16:15:03.997 [main] INFO org.springframework.boot.test.context.SpringBootTestContextBootstrapper:206 - Found @SpringBootConfiguration com.xgw.wwx.WwxApplication for test class com.xgw.wwx.test.HttpUtilTest
2018-09-26 16:15:04.000 [main] INFO org.springframework.boot.test.context.SpringBootTestContextBootstrapper:248 - Loaded default TestExecutionListener class names from location [META-INF/spring.factories]: [org.springframework.boot.test.mock.mockito.MockitoTestExecutionListener, org.springframework.boot.test.mock.mockito.ResetMocksTestExecutionListener, org.springframework.boot.test.autoconfigure.restdocs.RestDocsTestExecutionListener, org.springframework.boot.test.autoconfigure.web.client.MockRestServiceServerResetTestExecutionListener, org.springframework.boot.test.autoconfigure.web.servlet.MockMvcPrintOnlyOnFailureTestExecutionListener, org.springframework.boot.test.autoconfigure.web.servlet.WebDriverTestExecutionListener, org.springframework.test.context.web.ServletTestExecutionListener, org.springframework.test.context.support.DirtiesContextBeforeModesTestExecutionListener, org.springframework.test.context.support.DependencyInjectionTestExecutionListener, org.springframework.test.context.support.DirtiesContextTestExecutionListener, org.springframework.test.context.transaction.TransactionalTestExecutionListener, org.springframework.test.context.jdbc.SqlScriptsTestExecutionListener]
2018-09-26 16:15:04.003 [main] INFO org.springframework.boot.test.context.SpringBootTestContextBootstrapper:174 - Using TestExecutionListeners: [org.springframework.test.context.web.ServletTestExecutionListener@bd4dc25, org.springframework.test.context.support.DirtiesContextBeforeModesTestExecutionListener@25084a1e, org.springframework.boot.test.mock.mockito.MockitoTestExecutionListener@156b88f5, org.springframework.boot.test.autoconfigure.SpringBootDependencyInjectionTestExecutionListener@3bf9ce3e, org.springframework.test.context.support.DirtiesContextTestExecutionListener@16610890, org.springframework.test.context.transaction.TransactionalTestExecutionListener@71def8f8, org.springframework.test.context.jdbc.SqlScriptsTestExecutionListener@383bfa16, org.springframework.boot.test.mock.mockito.ResetMocksTestExecutionListener@4d465b11, org.springframework.boot.test.autoconfigure.restdocs.RestDocsTestExecutionListener@53fdffa1, org.springframework.boot.test.autoconfigure.web.client.MockRestServiceServerResetTestExecutionListener@5562c41e, org.springframework.boot.test.autoconfigure.web.servlet.MockMvcPrintOnlyOnFailureTestExecutionListener@32ee6fee, org.springframework.boot.test.autoconfigure.web.servlet.WebDriverTestExecutionListener@4d0f2471]
]]></system-out>
  </testcase>
  <testcase name="testdeleteDictAll" classname="com.xgw.wwx.test.HttpUtilTest" time="0">
    <skipped/>
  </testcase>
  <testcase name="testdeleteDict" classname="com.xgw.wwx.test.HttpUtilTest" time="0">
    <skipped/>
  </testcase>
  <testcase name="testdeleteUser" classname="com.xgw.wwx.test.HttpUtilTest" time="0">
    <skipped/>
  </testcase>
</testsuite>